# JRE version: OpenJDK Runtime Environment (23.0.1+11) (build 23.0.1+11-39)
# Java VM: OpenJDK 64-Bit Server VM (23.0.1+11-39, mixed mode, sharing, tiered, compressed oops, compressed class ptrs, g1 gc, windows-amd64)
GC Precious Log:
 CardTable entry size: 512
 Card Set container configuration: InlinePtr #cards 5 size 8 Array Of Cards #cards 10 size 36 Howl #buckets 4 coarsen threshold 1843 Howl Bitmap #cards 512 size 80 coarsen threshold 460 Card regions per heap region 1 cards per card region 2048
 CPUs: 4 total, 4 available
 Memory: 8160M
 Large Page Support: Disabled
 NUMA Support: Disabled
 Compressed Oops: Enabled (32-bit)
 Heap Region Size: 1M
 Heap Min Capacity: 8M
 Heap Initial Capacity: 128M
 Heap Max Capacity: 2042M
 Pre-touch: Disabled
 Parallel Workers: 4
 Concurrent Workers: 1
 Concurrent Refinement Workers: 4
 Periodic GC: Disabled
Heap:
 garbage-first heap   total reserved 2091008K, committed 73728K, used 65109K [0x0000000080600000, 0x0000000100000000)
  region size 1024K, 39 young (39936K), 5 survivors (5120K)
 Metaspace       used 72926K, committed 73664K, reserved 1114112K
  class space    used 10041K, committed 10368K, reserved 1048576K
GC Heap History (20 events):
Event: 11.545 GC heap after
{Heap after GC invocations=8 (full 0):
 garbage-first heap   total reserved 2091008K, committed 61440K, used 19567K [0x0000000080600000, 0x0000000100000000)
  region size 1024K, 2 young (2048K), 2 survivors (2048K)
 Metaspace       used 32690K, committed 33152K, reserved 1114112K
  class space    used 4143K, committed 4352K, reserved 1048576K
}
Event: 13.796 GC heap before
{Heap before GC invocations=8 (full 0):
 garbage-first heap   total reserved 2091008K, committed 61440K, used 46191K [0x0000000080600000, 0x0000000100000000)
  region size 1024K, 29 young (29696K), 2 survivors (2048K)
 Metaspace       used 35665K, committed 36096K, reserved 1114112K
  class space    used 4536K, committed 4736K, reserved 1048576K
}
Event: 13.838 GC heap after
{Heap after GC invocations=9 (full 0):
 garbage-first heap   total reserved 2091008K, committed 61440K, used 21661K [0x0000000080600000, 0x0000000100000000)
  region size 1024K, 4 young (4096K), 4 survivors (4096K)
 Metaspace       used 35665K, committed 36096K, reserved 1114112K
  class space    used 4536K, committed 4736K, reserved 1048576K
}
Event: 13.910 GC heap before
{Heap before GC invocations=9 (full 0):
 garbage-first heap   total reserved 2091008K, committed 61440K, used 21661K [0x0000000080600000, 0x0000000100000000)
  region size 1024K, 5 young (5120K), 4 survivors (4096K)
 Metaspace       used 35738K, committed 36096K, reserved 1114112K
  class space    used 4544K, committed 4736K, reserved 1048576K
}
Event: 13.919 GC heap after
{Heap after GC invocations=10 (full 0):
 garbage-first heap   total reserved 2091008K, committed 61440K, used 22340K [0x0000000080600000, 0x0000000100000000)
  region size 1024K, 1 young (1024K), 1 survivors (1024K)
 Metaspace       used 35738K, committed 36096K, reserved 1114112K
  class space    used 4544K, committed 4736K, reserved 1048576K
}
Event: 15.928 GC heap before
{Heap before GC invocations=11 (full 0):
 garbage-first heap   total reserved 2091008K, committed 61440K, used 51012K [0x0000000080600000, 0x0000000100000000)
  region size 1024K, 29 young (29696K), 1 survivors (1024K)
 Metaspace       used 39469K, committed 40064K, reserved 1114112K
  class space    used 5107K, committed 5376K, reserved 1048576K
}
Event: 15.936 GC heap after
{Heap after GC invocations=12 (full 0):
 garbage-first heap   total reserved 2091008K, committed 61440K, used 24244K [0x0000000080600000, 0x0000000100000000)
  region size 1024K, 3 young (3072K), 3 survivors (3072K)
 Metaspace       used 39469K, committed 40064K, reserved 1114112K
  class space    used 5107K, committed 5376K, reserved 1048576K
}
Event: 16.894 GC heap before
{Heap before GC invocations=12 (full 0):
 garbage-first heap   total reserved 2091008K, committed 61440K, used 50868K [0x0000000080600000, 0x0000000100000000)
  region size 1024K, 30 young (30720K), 3 survivors (3072K)
 Metaspace       used 45308K, committed 45824K, reserved 1114112K
  class space    used 5839K, committed 6080K, reserved 1048576K
}
Event: 16.907 GC heap after
{Heap after GC invocations=13 (full 0):
 garbage-first heap   total reserved 2091008K, committed 61440K, used 26327K [0x0000000080600000, 0x0000000100000000)
  region size 1024K, 3 young (3072K), 3 survivors (3072K)
 Metaspace       used 45308K, committed 45824K, reserved 1114112K
  class space    used 5839K, committed 6080K, reserved 1048576K
}
Event: 17.985 GC heap before
{Heap before GC invocations=13 (full 0):
 garbage-first heap   total reserved 2091008K, committed 61440K, used 51927K [0x0000000080600000, 0x0000000100000000)
  region size 1024K, 28 young (28672K), 3 survivors (3072K)
 Metaspace       used 50146K, committed 50624K, reserved 1114112K
  class space    used 6630K, committed 6848K, reserved 1048576K
}
Event: 17.993 GC heap after
{Heap after GC invocations=14 (full 0):
 garbage-first heap   total reserved 2091008K, committed 61440K, used 27249K [0x0000000080600000, 0x0000000100000000)
  region size 1024K, 4 young (4096K), 4 survivors (4096K)
 Metaspace       used 50146K, committed 50624K, reserved 1114112K
  class space    used 6630K, committed 6848K, reserved 1048576K
}
Event: 18.806 GC heap before
{Heap before GC invocations=14 (full 0):
 garbage-first heap   total reserved 2091008K, committed 61440K, used 52849K [0x0000000080600000, 0x0000000100000000)
  region size 1024K, 29 young (29696K), 4 survivors (4096K)
 Metaspace       used 54761K, committed 55360K, reserved 1114112K
  class space    used 7333K, committed 7552K, reserved 1048576K
}
Event: 18.816 GC heap after
{Heap after GC invocations=15 (full 0):
 garbage-first heap   total reserved 2091008K, committed 61440K, used 28378K [0x0000000080600000, 0x0000000100000000)
  region size 1024K, 3 young (3072K), 3 survivors (3072K)
 Metaspace       used 54761K, committed 55360K, reserved 1114112K
  class space    used 7333K, committed 7552K, reserved 1048576K
}
Event: 19.450 GC heap before
{Heap before GC invocations=15 (full 0):
 garbage-first heap   total reserved 2091008K, committed 61440K, used 50906K [0x0000000080600000, 0x0000000100000000)
  region size 1024K, 27 young (27648K), 3 survivors (3072K)
 Metaspace       used 59692K, committed 60288K, reserved 1114112K
  class space    used 7983K, committed 8256K, reserved 1048576K
}
Event: 19.458 GC heap after
{Heap after GC invocations=16 (full 0):
 garbage-first heap   total reserved 2091008K, committed 61440K, used 29130K [0x0000000080600000, 0x0000000100000000)
  region size 1024K, 2 young (2048K), 2 survivors (2048K)
 Metaspace       used 59692K, committed 60288K, reserved 1114112K
  class space    used 7983K, committed 8256K, reserved 1048576K
}
Event: 20.246 GC heap before
{Heap before GC invocations=17 (full 0):
 garbage-first heap   total reserved 2091008K, committed 61440K, used 54730K [0x0000000080600000, 0x0000000100000000)
  region size 1024K, 28 young (28672K), 2 survivors (2048K)
 Metaspace       used 63925K, committed 64640K, reserved 1114112K
  class space    used 8756K, committed 9088K, reserved 1048576K
}
Event: 20.253 GC heap after
{Heap after GC invocations=18 (full 0):
 garbage-first heap   total reserved 2091008K, committed 61440K, used 29947K [0x0000000080600000, 0x0000000100000000)
  region size 1024K, 3 young (3072K), 3 survivors (3072K)
 Metaspace       used 63925K, committed 64640K, reserved 1114112K
  class space    used 8756K, committed 9088K, reserved 1048576K
}
Event: 20.993 GC heap before
{Heap before GC invocations=18 (full 0):
 garbage-first heap   total reserved 2091008K, committed 61440K, used 53499K [0x0000000080600000, 0x0000000100000000)
  region size 1024K, 27 young (27648K), 3 survivors (3072K)
 Metaspace       used 68475K, committed 69184K, reserved 1114112K
  class space    used 9475K, committed 9792K, reserved 1048576K
}
Event: 21.006 GC heap after
{Heap after GC invocations=19 (full 0):
 garbage-first heap   total reserved 2091008K, committed 73728K, used 30293K [0x0000000080600000, 0x0000000100000000)
  region size 1024K, 3 young (3072K), 3 survivors (3072K)
 Metaspace       used 68475K, committed 69184K, reserved 1114112K
  class space    used 9475K, committed 9792K, reserved 1048576K
}
Event: 22.258 GC heap before
{Heap before GC invocations=19 (full 0):
 garbage-first heap   total reserved 2091008K, committed 73728K, used 64085K [0x0000000080600000, 0x0000000100000000)
  region size 1024K, 37 young (37888K), 3 survivors (3072K)
 Metaspace       used 72926K, committed 73664K, reserved 1114112K
  class space    used 10041K, committed 10368K, reserved 1048576K
}

